2025-06-16 18:50:48 - Error logging login activity: SQLSTATE[42S02]: Base table or view not found: 1146 Table 'distribuidora_lorena.activity_logs' doesn't exist
[2025-06-16 19:06:30] Error logging logout activity: SQLSTATE[42S02]: Base table or view not found: 1146 Table 'distribuidora_lorena.activity_logs' doesn't exist
[2025-06-16 19:06:44] Error logging login activity: SQLSTATE[42S02]: Base table or view not found: 1146 Table 'distribuidora_lorena.activity_logs' doesn't exist
[2025-06-16 19:10:47] Error logging logout activity: SQLSTATE[42S02]: Base table or view not found: 1146 Table 'distribuidora_lorena.activity_logs' doesn't exist
[2025-06-16 19:11:31] Error logging login activity: SQLSTATE[42S02]: Base table or view not found: 1146 Table 'distribuidora_lorena.activity_logs' doesn't exist
[2025-06-16 19:15:49] Error logging logout activity: SQLSTATE[42S02]: Base table or view not found: 1146 Table 'distribuidora_lorena.activity_logs' doesn't exist
[2025-06-16 19:16:00] Error logging login activity: SQLSTATE[42S02]: Base table or view not found: 1146 Table 'distribuidora_lorena.activity_logs' doesn't exist
[2025-06-16 19:16:10] Error logging logout activity: SQLSTATE[42S02]: Base table or view not found: 1146 Table 'distribuidora_lorena.activity_logs' doesn't exist
[2025-06-16 19:17:26] Error logging login activity: SQLSTATE[42S02]: Base table or view not found: 1146 Table 'distribuidora_lorena.activity_logs' doesn't exist
[2025-06-16 20:48:51] Error logging logout activity: SQLSTATE[42S02]: Base table or view not found: 1146 Table 'distribuidora_lorena.activity_logs' doesn't exist
[2025-06-16 20:48:53] Error logging login activity: SQLSTATE[42S02]: Base table or view not found: 1146 Table 'distribuidora_lorena.activity_logs' doesn't exist
[2025-06-16 21:36:31] Error logging logout activity: SQLSTATE[42S02]: Base table or view not found: 1146 Table 'distribuidora_lorena.activity_logs' doesn't exist
[2025-06-16 21:36:38] Error logging login activity: SQLSTATE[42S02]: Base table or view not found: 1146 Table 'distribuidora_lorena.activity_logs' doesn't exist
[2025-06-16 21:36:57] Error logging logout activity: SQLSTATE[42S02]: Base table or view not found: 1146 Table 'distribuidora_lorena.activity_logs' doesn't exist
[2025-06-16 21:37:04] Error logging login activity: SQLSTATE[42S02]: Base table or view not found: 1146 Table 'distribuidora_lorena.activity_logs' doesn't exist
[2025-06-16 22:04:44] Error logging logout activity: SQLSTATE[42S02]: Base table or view not found: 1146 Table 'distribuidora_lorena.activity_logs' doesn't exist
[2025-06-16 22:04:50] Error logging login activity: SQLSTATE[42S02]: Base table or view not found: 1146 Table 'distribuidora_lorena.activity_logs' doesn't exist
[2025-06-16 22:04:57] Error logging logout activity: SQLSTATE[42S02]: Base table or view not found: 1146 Table 'distribuidora_lorena.activity_logs' doesn't exist
[2025-06-16 22:05:05] Error logging login activity: SQLSTATE[42S02]: Base table or view not found: 1146 Table 'distribuidora_lorena.activity_logs' doesn't exist
[2025-06-16 22:05:09] Error logging logout activity: SQLSTATE[42S02]: Base table or view not found: 1146 Table 'distribuidora_lorena.activity_logs' doesn't exist
[2025-06-16 22:05:18] Error logging login activity: SQLSTATE[42S02]: Base table or view not found: 1146 Table 'distribuidora_lorena.activity_logs' doesn't exist
[2025-06-17 18:01:32] Error logging login activity: SQLSTATE[42S02]: Base table or view not found: 1146 Table 'distribuidora_lorena.activity_logs' doesn't exist
[2025-06-17 19:44:01] Error logging logout activity: SQLSTATE[42S02]: Base table or view not found: 1146 Table 'distribuidora_lorena.activity_logs' doesn't exist
[2025-06-17 19:44:03] Error logging login activity: SQLSTATE[42S02]: Base table or view not found: 1146 Table 'distribuidora_lorena.activity_logs' doesn't exist
[2025-06-17 14:40:42] Error logging login activity: SQLSTATE[42S02]: Base table or view not found: 1146 Table 'distribuidora_lorena.activity_logs' doesn't exist
[2025-06-17 14:40:50] Error logging login activity: SQLSTATE[42S02]: Base table or view not found: 1146 Table 'distribuidora_lorena.activity_logs' doesn't exist
[2025-06-17 14:41:06] Error logging login activity: SQLSTATE[42S02]: Base table or view not found: 1146 Table 'distribuidora_lorena.activity_logs' doesn't exist
[2025-06-17 14:47:55] Error logging activity: SQLSTATE[42S02]: Base table or view not found: 1146 Table 'distribuidora_lorena.activity_logs' doesn't exist
[2025-06-17 14:57:13] Error logging login activity: SQLSTATE[42S02]: Base table or view not found: 1146 Table 'distribuidora_lorena.activity_logs' doesn't exist
[2025-06-17 14:59:07] Error logging login activity: SQLSTATE[42S02]: Base table or view not found: 1146 Table 'distribuidora_lorena.activity_logs' doesn't exist
[2025-06-17 14:59:31] Error logging login activity: SQLSTATE[42S02]: Base table or view not found: 1146 Table 'distribuidora_lorena.activity_logs' doesn't exist
[2025-06-17 15:06:01] Error logging activity: SQLSTATE[42S02]: Base table or view not found: 1146 Table 'distribuidora_lorena.activity_logs' doesn't exist
[2025-06-17 15:06:42] Error logging activity: SQLSTATE[42S02]: Base table or view not found: 1146 Table 'distribuidora_lorena.activity_logs' doesn't exist
[2025-06-17 15:21:02] Error logging activity: SQLSTATE[42S02]: Base table or view not found: 1146 Table 'distribuidora_lorena.activity_logs' doesn't exist
[2025-06-17 15:58:24] Error logging activity: SQLSTATE[42S02]: Base table or view not found: 1146 Table 'distribuidora_lorena.activity_logs' doesn't exist
[2025-06-17 22:06:36] Error logging activity: SQLSTATE[42S02]: Base table or view not found: 1146 Table 'distribuidora_lorena.activity_logs' doesn't exist
[2025-06-18 14:28:43] Error logging activity: SQLSTATE[42S02]: Base table or view not found: 1146 Table 'distribuidora_lorena.activity_logs' doesn't exist
[2025-06-18 14:38:04] Error logging logout activity: SQLSTATE[42S02]: Base table or view not found: 1146 Table 'distribuidora_lorena.activity_logs' doesn't exist
[2025-06-18 14:39:23] Error logging activity: SQLSTATE[42S02]: Base table or view not found: 1146 Table 'distribuidora_lorena.activity_logs' doesn't exist
[2025-06-18 18:42:15] Error listing users: SQLSTATE[42000]: Syntax error or access violation: 1064 You have an error in your SQL syntax; check the manual that corresponds to your MySQL server version for the right syntax to use near ''10' OFFSET '0'' at line 22
[2025-06-18 19:10:13] Error listing users: SQLSTATE[42000]: Syntax error or access violation: 1064 You have an error in your SQL syntax; check the manual that corresponds to your MySQL server version for the right syntax to use near ''10' OFFSET '0'' at line 22
[2025-06-18 19:13:42] Error listing users: SQLSTATE[42000]: Syntax error or access violation: 1064 You have an error in your SQL syntax; check the manual that corresponds to your MySQL server version for the right syntax to use near ''10' OFFSET '0'' at line 22
[2025-06-18 19:34:29] Error listing users: SQLSTATE[42000]: Syntax error or access violation: 1064 You have an error in your SQL syntax; check the manual that corresponds to your MySQL server version for the right syntax to use near ''10' OFFSET '0'' at line 22
[2025-06-18 19:40:50] Error logging logout activity: SQLSTATE[42S02]: Base table or view not found: 1146 Table 'distribuidora_lorena.activity_logs' doesn't exist
[2025-06-18 19:40:51] Error logging activity: SQLSTATE[42S02]: Base table or view not found: 1146 Table 'distribuidora_lorena.activity_logs' doesn't exist
[2025-06-18 20:49:14] Error logging activity: SQLSTATE[42S02]: Base table or view not found: 1146 Table 'distribuidora_lorena.activity_logs' doesn't exist
